# JRE version: Java(TM) SE Runtime Environment 18.9 (11.0.10+8) (build 11.0.10+8-LTS-162)
# Java VM: Java HotSpot(TM) 64-Bit Server VM 18.9 (11.0.10+8-LTS-162, mixed mode, tiered, compressed oops, parallel gc, windows-amd64)
Heap:
 PSYoungGen      total 4608K, used 2173K [0x00000000eab00000, 0x00000000eb180000, 0x0000000100000000)
  eden space 4096K, 46% used [0x00000000eab00000,0x00000000eacdf560,0x00000000eaf00000)
  from space 512K, 50% used [0x00000000eb080000,0x00000000eb0c0000,0x00000000eb100000)
  to   space 512K, 0% used [0x00000000eb100000,0x00000000eb100000,0x00000000eb180000)
 ParOldGen       total 217088K, used 215604K [0x00000000c0000000, 0x00000000cd400000, 0x00000000eab00000)
  object space 217088K, 99% used [0x00000000c0000000,0x00000000cd28d2f8,0x00000000cd400000)
 Metaspace       used 82169K, capacity 85789K, committed 86232K, reserved 1126400K
  class space    used 7435K, capacity 8752K, committed 8960K, reserved 1048576K
GC Heap History (10 events):
Event: 3672.733 GC heap before
{Heap before GC invocations=2971 (full 90):
 PSYoungGen      total 6656K, used 6318K [0x00000000eab00000, 0x00000000eb400000, 0x0000000100000000)
  eden space 4096K, 100% used [0x00000000eab00000,0x00000000eaf00000,0x00000000eaf00000)
  from space 2560K, 86% used [0x00000000eb180000,0x00000000eb3abb38,0x00000000eb400000)
  to   space 2560K, 0% used [0x00000000eaf00000,0x00000000eaf00000,0x00000000eb180000)
 ParOldGen       total 185344K, used 165655K [0x00000000c0000000, 0x00000000cb500000, 0x00000000eab00000)
  object space 185344K, 89% used [0x00000000c0000000,0x00000000ca1c5de8,0x00000000cb500000)
 Metaspace       used 82126K, capacity 85718K, committed 86232K, reserved 1126400K
  class space    used 7434K, capacity 8751K, committed 8960K, reserved 1048576K
}
Event: 3672.735 GC heap after
{Heap after GC invocations=2971 (full 90):
 PSYoungGen      total 5632K, used 1373K [0x00000000eab00000, 0x00000000eb300000, 0x0000000100000000)
  eden space 4096K, 0% used [0x00000000eab00000,0x00000000eab00000,0x00000000eaf00000)
  from space 1536K, 89% used [0x00000000eaf00000,0x00000000eb0576b0,0x00000000eb080000)
  to   space 2048K, 0% used [0x00000000eb100000,0x00000000eb100000,0x00000000eb300000)
 ParOldGen       total 185344K, used 167768K [0x00000000c0000000, 0x00000000cb500000, 0x00000000eab00000)
  object space 185344K, 90% used [0x00000000c0000000,0x00000000ca3d63b8,0x00000000cb500000)
 Metaspace       used 82126K, capacity 85718K, committed 86232K, reserved 1126400K
  class space    used 7434K, capacity 8751K, committed 8960K, reserved 1048576K
}
Event: 3672.771 GC heap before
{Heap before GC invocations=2972 (full 90):
 PSYoungGen      total 5632K, used 5469K [0x00000000eab00000, 0x00000000eb300000, 0x0000000100000000)
  eden space 4096K, 100% used [0x00000000eab00000,0x00000000eaf00000,0x00000000eaf00000)
  from space 1536K, 89% used [0x00000000eaf00000,0x00000000eb0576b0,0x00000000eb080000)
  to   space 2048K, 0% used [0x00000000eb100000,0x00000000eb100000,0x00000000eb300000)
 ParOldGen       total 217088K, used 213849K [0x00000000c0000000, 0x00000000cd400000, 0x00000000eab00000)
  object space 217088K, 98% used [0x00000000c0000000,0x00000000cd0d6408,0x00000000cd400000)
 Metaspace       used 82140K, capacity 85724K, committed 86232K, reserved 1126400K
  class space    used 7434K, capacity 8752K, committed 8960K, reserved 1048576K
}
Event: 3672.773 GC heap after
{Heap after GC invocations=2972 (full 90):
 PSYoungGen      total 5120K, used 704K [0x00000000eab00000, 0x00000000eb200000, 0x0000000100000000)
  eden space 4096K, 0% used [0x00000000eab00000,0x00000000eab00000,0x00000000eaf00000)
  from space 1024K, 68% used [0x00000000eb100000,0x00000000eb1b0000,0x00000000eb200000)
  to   space 1024K, 0% used [0x00000000eb000000,0x00000000eb000000,0x00000000eb100000)
 ParOldGen       total 217088K, used 214910K [0x00000000c0000000, 0x00000000cd400000, 0x00000000eab00000)
  object space 217088K, 98% used [0x00000000c0000000,0x00000000cd1df958,0x00000000cd400000)
 Metaspace       used 82140K, capacity 85724K, committed 86232K, reserved 1126400K
  class space    used 7434K, capacity 8752K, committed 8960K, reserved 1048576K
}
Event: 3673.024 GC heap before
{Heap before GC invocations=2973 (full 90):
 PSYoungGen      total 5120K, used 4800K [0x00000000eab00000, 0x00000000eb200000, 0x0000000100000000)
  eden space 4096K, 100% used [0x00000000eab00000,0x00000000eaf00000,0x00000000eaf00000)
  from space 1024K, 68% used [0x00000000eb100000,0x00000000eb1b0000,0x00000000eb200000)
  to   space 1024K, 0% used [0x00000000eb000000,0x00000000eb000000,0x00000000eb100000)
 ParOldGen       total 217088K, used 214910K [0x00000000c0000000, 0x00000000cd400000, 0x00000000eab00000)
  object space 217088K, 98% used [0x00000000c0000000,0x00000000cd1df958,0x00000000cd400000)
 Metaspace       used 82142K, capacity 85724K, committed 86232K, reserved 1126400K
  class space    used 7434K, capacity 8752K, committed 8960K, reserved 1048576K
}
Event: 3673.026 GC heap after
{Heap after GC invocations=2973 (full 90):
 PSYoungGen      total 5120K, used 160K [0x00000000eab00000, 0x00000000eb180000, 0x0000000100000000)
  eden space 4096K, 0% used [0x00000000eab00000,0x00000000eab00000,0x00000000eaf00000)
  from space 1024K, 15% used [0x00000000eb000000,0x00000000eb028000,0x00000000eb100000)
  to   space 512K, 0% used [0x00000000eb100000,0x00000000eb100000,0x00000000eb180000)
 ParOldGen       total 217088K, used 215500K [0x00000000c0000000, 0x00000000cd400000, 0x00000000eab00000)
  object space 217088K, 99% used [0x00000000c0000000,0x00000000cd273360,0x00000000cd400000)
 Metaspace       used 82142K, capacity 85724K, committed 86232K, reserved 1126400K
  class space    used 7434K, capacity 8752K, committed 8960K, reserved 1048576K
}
Event: 3673.084 GC heap before
{Heap before GC invocations=2974 (full 90):
 PSYoungGen      total 5120K, used 4256K [0x00000000eab00000, 0x00000000eb180000, 0x0000000100000000)
  eden space 4096K, 100% used [0x00000000eab00000,0x00000000eaf00000,0x00000000eaf00000)
  from space 1024K, 15% used [0x00000000eb000000,0x00000000eb028000,0x00000000eb100000)
  to   space 512K, 0% used [0x00000000eb100000,0x00000000eb100000,0x00000000eb180000)
 ParOldGen       total 217088K, used 215500K [0x00000000c0000000, 0x00000000cd400000, 0x00000000eab00000)
  object space 217088K, 99% used [0x00000000c0000000,0x00000000cd273360,0x00000000cd400000)
 Metaspace       used 82143K, capacity 85724K, committed 86232K, reserved 1126400K
  class space    used 7434K, capacity 8752K, committed 8960K, reserved 1048576K
}
Event: 3673.084 GC heap after
{Heap after GC invocations=2974 (full 90):
 PSYoungGen      total 4608K, used 160K [0x00000000eab00000, 0x00000000eb180000, 0x0000000100000000)
  eden space 4096K, 0% used [0x00000000eab00000,0x00000000eab00000,0x00000000eaf00000)
  from space 512K, 31% used [0x00000000eb100000,0x00000000eb128000,0x00000000eb180000)
  to   space 512K, 0% used [0x00000000eb080000,0x00000000eb080000,0x00000000eb100000)
 ParOldGen       total 217088K, used 215556K [0x00000000c0000000, 0x00000000cd400000, 0x00000000eab00000)
  object space 217088K, 99% used [0x00000000c0000000,0x00000000cd2812f8,0x00000000cd400000)
 Metaspace       used 82143K, capacity 85724K, committed 86232K, reserved 1126400K
  class space    used 7434K, capacity 8752K, committed 8960K, reserved 1048576K
}
Event: 3700.684 GC heap before
{Heap before GC invocations=2975 (full 90):
 PSYoungGen      total 4608K, used 4256K [0x00000000eab00000, 0x00000000eb180000, 0x0000000100000000)
  eden space 4096K, 100% used [0x00000000eab00000,0x00000000eaf00000,0x00000000eaf00000)
  from space 512K, 31% used [0x00000000eb100000,0x00000000eb128000,0x00000000eb180000)
  to   space 512K, 0% used [0x00000000eb080000,0x00000000eb080000,0x00000000eb100000)
 ParOldGen       total 217088K, used 215556K [0x00000000c0000000, 0x00000000cd400000, 0x00000000eab00000)
  object space 217088K, 99% used [0x00000000c0000000,0x00000000cd2812f8,0x00000000cd400000)
 Metaspace       used 82157K, capacity 85788K, committed 86232K, reserved 1126400K
  class space    used 7435K, capacity 8752K, committed 8960K, reserved 1048576K
}
Event: 3700.686 GC heap after
{Heap after GC invocations=2975 (full 90):
 PSYoungGen      total 4608K, used 256K [0x00000000eab00000, 0x00000000eb180000, 0x0000000100000000)
  eden space 4096K, 0% used [0x00000000eab00000,0x00000000eab00000,0x00000000eaf00000)
  from space 512K, 50% used [0x00000000eb080000,0x00000000eb0c0000,0x00000000eb100000)
  to   space 512K, 0% used [0x00000000eb100000,0x00000000eb100000,0x00000000eb180000)
 ParOldGen       total 217088K, used 215604K [0x00000000c0000000, 0x00000000cd400000, 0x00000000eab00000)
  object space 217088K, 99% used [0x00000000c0000000,0x00000000cd28d2f8,0x00000000cd400000)
 Metaspace       used 82157K, capacity 85788K, committed 86232K, reserved 1126400K
  class space    used 7435K, capacity 8752K, committed 8960K, reserved 1048576K
}

